<?xml version="1.0" encoding="UTF-8"?>
<!-- Generated by org.testng.reporters.JUnitReportReporter -->
<testsuite hostname="Navin" failures="0" tests="4" name="com.runner.SimpleAnnotations" time="0.017" errors="0" timestamp="2024-08-14T09:30:39 IST" skipped="0">
  <testcase classname="com.runner.SimpleAnnotations" name="searchProduct" time="0.004"/>
  <testcase classname="com.runner.SimpleAnnotations" name="selectProduct" time="0.002"/>
  <testcase classname="com.runner.SimpleAnnotations" name="addToCart" time="0.004"/>
  <testcase classname="com.runner.SimpleAnnotations" name="payment" time="0.007"/>
</testsuite> <!-- com.runner.SimpleAnnotations -->
