<?xml version="1.0" encoding="UTF-8"?>
<!-- Generated by org.testng.reporters.JUnitReportReporter -->
<testsuite hostname="Navin" failures="0" tests="4" name="com.runner.DependsOnMethods" time="0.013" errors="0" timestamp="2024-08-13T09:49:06 IST" skipped="0">
  <testcase classname="com.runner.DependsOnMethods" name="selectProduct" time="0.002"/>
  <system-out/>
  <testcase classname="com.runner.DependsOnMethods" name="payment" time="0.002"/>
  <system-out/>
  <testcase classname="com.runner.DependsOnMethods" name="searchProduct" time="0.008"/>
  <system-out/>
  <testcase classname="com.runner.DependsOnMethods" name="addToCart" time="0.001"/>
  <system-out/>
</testsuite> <!-- com.runner.DependsOnMethods -->
