<?xml version="1.0" encoding="UTF-8"?>
<!-- Generated by org.testng.reporters.JUnitReportReporter -->
<testsuite hostname="Navin" failures="0" tests="8" name="com.runner.IgnoreTest" time="0.021" errors="0" timestamp="2024-08-13T09:42:39 IST" skipped="2">
  <testcase classname="com.runner.IgnoreTest" name="searchProduct" time="0.002"/>
  <system-out/>
  <testcase classname="com.runner.IgnoreTest" name="searchProduct" time="0.002"/>
  <system-out/>
  <testcase classname="com.runner.IgnoreTest" name="searchProduct" time="0.013"/>
  <system-out/>
  <testcase classname="com.runner.IgnoreTest" name="searchProduct" time="0.001"/>
  <system-out/>
  <testcase classname="com.runner.IgnoreTest" name="searchProduct" time="0.001"/>
  <system-out/>
  <testcase classname="com.runner.IgnoreTest" name="payment" time="0.002"/>
  <system-out/>
  <testcase classname="com.runner.IgnoreTest" name="selectProduct">
    <skipped/>
  </testcase> <!-- selectProduct -->
  <system-out/>
  <testcase classname="com.runner.IgnoreTest" name="addToCart">
    <skipped/>
  </testcase> <!-- addToCart -->
  <system-out/>
</testsuite> <!-- com.runner.IgnoreTest -->
