<?xml version="1.0" encoding="UTF-8"?>
<!-- Generated by org.testng.reporters.JUnitReportReporter -->
<testsuite hostname="Navin" failures="0" tests="10" name="com.runner.DataProviderTest" time="0.032" errors="0" timestamp="2024-08-14T09:45:46 IST" skipped="0">
  <testcase classname="com.runner.DataProviderTest" name="verifyLogin" time="0.008"/>
  <testcase classname="com.runner.DataProviderTest" name="verifyLogin" time="0.001"/>
  <testcase classname="com.runner.DataProviderTest" name="verifyLogin" time="0.005"/>
  <testcase classname="com.runner.DataProviderTest" name="verifyLogin" time="0.001"/>
  <testcase classname="com.runner.DataProviderTest" name="verifyLogin" time="0.003"/>
  <testcase classname="com.runner.DataProviderTest" name="verifyLogin" time="0.004"/>
  <testcase classname="com.runner.DataProviderTest" name="verifyLogin" time="0.002"/>
  <testcase classname="com.runner.DataProviderTest" name="verifyLogin" time="0.004"/>
  <testcase classname="com.runner.DataProviderTest" name="verifyLogin" time="0.001"/>
  <testcase classname="com.runner.DataProviderTest" name="verifyLogin" time="0.003"/>
</testsuite> <!-- com.runner.DataProviderTest -->
